2024-11-05T18:00:52Z INF github.com/traefik/traefik/v3/cmd/traefik/traefik.go:103 > Traefik version 3.2.0 built on 2024-10-28T14:49:00Z version=3.2.0
2024-11-05T18:00:52Z DBG github.com/traefik/traefik/v3/cmd/traefik/traefik.go:110 > Static configuration loaded [json] staticConfiguration={"api":{"dashboard":true,"insecure":true},"entryPoints":{"traefik":{"address":":8080","forwardedHeaders":{},"http":{"maxHeaderBytes":1048576},"http2":{"maxConcurrentStreams":250},"transport":{"lifeCycle":{"graceTimeOut":"10s"},"respondingTimeouts":{"idleTimeout":"3m0s","readTimeout":"1m0s"}},"udp":{"timeout":"3s"}},"web":{"address":":80","forwardedHeaders":{},"http":{"maxHeaderBytes":1048576},"http2":{"maxConcurrentStreams":250},"transport":{"lifeCycle":{"graceTimeOut":"10s"},"respondingTimeouts":{"idleTimeout":"3m0s","readTimeout":"1m0s"}},"udp":{"timeout":"3s"}},"websecure":{"address":":443","forwardedHeaders":{},"http":{"maxHeaderBytes":1048576},"http2":{"maxConcurrentStreams":250},"transport":{"lifeCycle":{"graceTimeOut":"10s"},"respondingTimeouts":{"idleTimeout":"3m0s","readTimeout":"1m0s"}},"udp":{"timeout":"3s"}}},"global":{"checkNewVersion":true,"sendAnonymousUsage":true},"log":{"filePath":"/var/log/traefik.log","format":"common","level":"DEBUG"},"providers":{"file":{"directory":"/etc/traefik/dynamic","watch":true},"providersThrottleDuration":"2s"},"serversTransport":{"maxIdleConnsPerHost":200},"tcpServersTransport":{"dialKeepAlive":"15s","dialTimeout":"30s"}}
2024-11-05T18:00:52Z INF github.com/traefik/traefik/v3/cmd/traefik/traefik.go:620 > Stats collection is enabled.
2024-11-05T18:00:52Z INF github.com/traefik/traefik/v3/cmd/traefik/traefik.go:621 > Many thanks for contributing to Traefik's improvement by allowing us to receive anonymous information from your configuration.
2024-11-05T18:00:52Z INF github.com/traefik/traefik/v3/cmd/traefik/traefik.go:622 > Help us improve Traefik by leaving this feature on :)
2024-11-05T18:00:52Z INF github.com/traefik/traefik/v3/cmd/traefik/traefik.go:623 > More details on: https://doc.traefik.io/traefik/contributing/data-collection/
2024-11-05T18:00:52Z DBG github.com/traefik/traefik/v3/pkg/server/server_entrypoint_tcp.go:231 > Starting TCP Server entryPointName=websecure
2024-11-05T18:00:52Z DBG github.com/traefik/traefik/v3/pkg/server/server_entrypoint_tcp.go:231 > Starting TCP Server entryPointName=web
2024-11-05T18:00:52Z INF github.com/traefik/traefik/v3/pkg/server/configurationwatcher.go:73 > Starting provider aggregator aggregator.ProviderAggregator
2024-11-05T18:00:52Z DBG github.com/traefik/traefik/v3/pkg/server/server_entrypoint_tcp.go:231 > Starting TCP Server entryPointName=traefik
2024-11-05T18:00:52Z INF github.com/traefik/traefik/v3/pkg/provider/aggregator/aggregator.go:202 > Starting provider *file.Provider
2024-11-05T18:00:52Z DBG github.com/traefik/traefik/v3/pkg/provider/aggregator/aggregator.go:203 > *file.Provider provider configuration config={"directory":"/etc/traefik/dynamic","watch":true}
2024-11-05T18:00:52Z DBG github.com/traefik/traefik/v3/pkg/provider/file/file.go:122 > add watcher on: /etc/traefik/dynamic
2024-11-05T18:00:52Z DBG github.com/traefik/traefik/v3/pkg/provider/file/file.go:122 > add watcher on: /etc/traefik/dynamic/routing.yaml
2024-11-05T18:00:52Z INF github.com/traefik/traefik/v3/pkg/provider/aggregator/aggregator.go:202 > Starting provider *traefik.Provider
2024-11-05T18:00:52Z DBG github.com/traefik/traefik/v3/pkg/provider/aggregator/aggregator.go:203 > *traefik.Provider provider configuration config={}
2024-11-05T18:00:52Z INF github.com/traefik/traefik/v3/pkg/provider/aggregator/aggregator.go:202 > Starting provider *acme.ChallengeTLSALPN
2024-11-05T18:00:52Z DBG github.com/traefik/traefik/v3/pkg/provider/aggregator/aggregator.go:203 > *acme.ChallengeTLSALPN provider configuration config={}
2024-11-05T18:00:52Z DBG github.com/traefik/traefik/v3/pkg/server/configurationwatcher.go:227 > Configuration received config={"http":{"routers":{"minio-router":{"entryPoints":["web"],"rule":"Host(`minio.reddtsai.home`)","service":"minio-service"}},"services":{"minio-service":{"loadBalancer":{"passHostHeader":true,"responseForwarding":{"flushInterval":"100ms"},"servers":[{"url":"http://192.168.1.110:9001"}]}}}},"tcp":{},"tls":{},"udp":{}} providerName=file
2024-11-05T18:00:52Z DBG github.com/traefik/traefik/v3/pkg/server/configurationwatcher.go:227 > Configuration received config={"http":{"middlewares":{"dashboard_redirect":{"redirectRegex":{"permanent":true,"regex":"^(http:\\/\\/(\\[[\\w:.]+\\]|[\\w\\._-]+)(:\\d+)?)\\/$","replacement":"${1}/dashboard/"}},"dashboard_stripprefix":{"stripPrefix":{"prefixes":["/dashboard/","/dashboard"]}}},"routers":{"api":{"entryPoints":["traefik"],"priority":9223372036854775806,"rule":"PathPrefix(`/api`)","ruleSyntax":"v3","service":"api@internal"},"dashboard":{"entryPoints":["traefik"],"middlewares":["dashboard_redirect@internal","dashboard_stripprefix@internal"],"priority":9223372036854775805,"rule":"PathPrefix(`/`)","ruleSyntax":"v3","service":"dashboard@internal"}},"serversTransports":{"default":{"maxIdleConnsPerHost":200}},"services":{"api":{},"dashboard":{},"noop":{}}},"tcp":{"serversTransports":{"default":{"dialKeepAlive":"15s","dialTimeout":"30s"}}},"tls":{},"udp":{}} providerName=internal
2024-11-05T18:00:53Z DBG github.com/traefik/traefik/v3/pkg/tls/tlsmanager.go:321 > No default certificate, fallback to the internal generated certificate tlsStoreName=default
2024-11-05T18:00:53Z DBG github.com/traefik/traefik/v3/pkg/server/service/service.go:299 > Creating load-balancer entryPointName=web routerName=minio-router@file serviceName=minio-service@file
2024-11-05T18:00:53Z DBG github.com/traefik/traefik/v3/pkg/server/service/service.go:336 > Creating server entryPointName=web routerName=minio-router@file serverName=287be60e922a0abd serviceName=minio-service@file target=http://192.168.1.110:9001
2024-11-05T18:00:53Z DBG github.com/traefik/traefik/v3/pkg/middlewares/recovery/recovery.go:25 > Creating middleware entryPointName=web middlewareName=traefik-internal-recovery middlewareType=Recovery
2024-11-05T18:00:53Z DBG github.com/traefik/traefik/v3/pkg/middlewares/stripprefix/strip_prefix.go:32 > Creating middleware entryPointName=traefik middlewareName=dashboard_stripprefix@internal middlewareType=StripPrefix routerName=dashboard@internal
2024-11-05T18:00:53Z DBG github.com/traefik/traefik/v3/pkg/middlewares/observability/middleware.go:33 > Adding tracing to middleware entryPointName=traefik middlewareName=dashboard_stripprefix@internal routerName=dashboard@internal
2024-11-05T18:00:53Z DBG github.com/traefik/traefik/v3/pkg/middlewares/redirect/redirect_regex.go:17 > Creating middleware entryPointName=traefik middlewareName=dashboard_redirect@internal middlewareType=RedirectRegex routerName=dashboard@internal
2024-11-05T18:00:53Z DBG github.com/traefik/traefik/v3/pkg/middlewares/redirect/redirect_regex.go:18 > Setting up redirection from ^(http:\/\/(\[[\w:.]+\]|[\w\._-]+)(:\d+)?)\/$ to ${1}/dashboard/ entryPointName=traefik middlewareName=dashboard_redirect@internal middlewareType=RedirectRegex routerName=dashboard@internal
2024-11-05T18:00:53Z DBG github.com/traefik/traefik/v3/pkg/middlewares/observability/middleware.go:33 > Adding tracing to middleware entryPointName=traefik middlewareName=dashboard_redirect@internal routerName=dashboard@internal
2024-11-05T18:00:53Z DBG github.com/traefik/traefik/v3/pkg/middlewares/recovery/recovery.go:25 > Creating middleware entryPointName=traefik middlewareName=traefik-internal-recovery middlewareType=Recovery
2024-11-05T18:03:09Z ERR github.com/traefik/traefik/v3/pkg/provider/file/file.go:150 > Error occurred during watcher callback error="/etc/traefik/dynamic/routing.yaml: yaml: unmarshal errors:\n  line 8: mapping key \"minio-router\" already defined at line 3" providerName=file
2024-11-05T18:03:09Z ERR github.com/traefik/traefik/v3/pkg/provider/file/file.go:150 > Error occurred during watcher callback error="/etc/traefik/dynamic/routing.yaml: yaml: unmarshal errors:\n  line 8: mapping key \"minio-router\" already defined at line 3" providerName=file
2024-11-05T18:03:09Z ERR github.com/traefik/traefik/v3/pkg/provider/file/file.go:150 > Error occurred during watcher callback error="/etc/traefik/dynamic/routing.yaml: yaml: unmarshal errors:\n  line 8: mapping key \"minio-router\" already defined at line 3" providerName=file
2024-11-05T18:03:09Z ERR github.com/traefik/traefik/v3/pkg/provider/file/file.go:150 > Error occurred during watcher callback error="/etc/traefik/dynamic/routing.yaml: yaml: unmarshal errors:\n  line 8: mapping key \"minio-router\" already defined at line 3" providerName=file
2024-11-05T18:04:12Z DBG github.com/traefik/traefik/v3/pkg/server/configurationwatcher.go:227 > Configuration received config={"http":{"routers":{"minio-router":{"entryPoints":["web"],"rule":"Host(`minio.reddtsai.home`)","service":"minio-console"},"traefik-router":{"entryPoints":["web"],"rule":"Host(`traefik.reddtsai.home`)","service":"traefik-dashboard"}},"services":{"minio-console":{"loadBalancer":{"passHostHeader":true,"responseForwarding":{"flushInterval":"100ms"},"servers":[{"url":"http://192.168.1.110:9001"}]}},"traefik-dashboard":{"loadBalancer":{"passHostHeader":true,"responseForwarding":{"flushInterval":"100ms"},"servers":[{"url":"http://192.168.1.110:8080"}]}}}},"tcp":{},"tls":{},"udp":{}} providerName=file
2024-11-05T18:04:13Z DBG github.com/traefik/traefik/v3/pkg/tls/tlsmanager.go:321 > No default certificate, fallback to the internal generated certificate tlsStoreName=default
2024-11-05T18:04:13Z DBG github.com/traefik/traefik/v3/pkg/server/service/service.go:299 > Creating load-balancer entryPointName=web routerName=traefik-router@file serviceName=traefik-dashboard@file
2024-11-05T18:04:13Z DBG github.com/traefik/traefik/v3/pkg/server/service/service.go:336 > Creating server entryPointName=web routerName=traefik-router@file serverName=c8fea116e8d37a63 serviceName=traefik-dashboard@file target=http://192.168.1.110:8080
2024-11-05T18:04:13Z DBG github.com/traefik/traefik/v3/pkg/server/service/service.go:299 > Creating load-balancer entryPointName=web routerName=minio-router@file serviceName=minio-console@file
2024-11-05T18:04:13Z DBG github.com/traefik/traefik/v3/pkg/server/service/service.go:336 > Creating server entryPointName=web routerName=minio-router@file serverName=287be60e922a0abd serviceName=minio-console@file target=http://192.168.1.110:9001
2024-11-05T18:04:13Z DBG github.com/traefik/traefik/v3/pkg/middlewares/recovery/recovery.go:25 > Creating middleware entryPointName=web middlewareName=traefik-internal-recovery middlewareType=Recovery
2024-11-05T18:04:13Z DBG github.com/traefik/traefik/v3/pkg/middlewares/stripprefix/strip_prefix.go:32 > Creating middleware entryPointName=traefik middlewareName=dashboard_stripprefix@internal middlewareType=StripPrefix routerName=dashboard@internal
2024-11-05T18:04:13Z DBG github.com/traefik/traefik/v3/pkg/middlewares/observability/middleware.go:33 > Adding tracing to middleware entryPointName=traefik middlewareName=dashboard_stripprefix@internal routerName=dashboard@internal
2024-11-05T18:04:13Z DBG github.com/traefik/traefik/v3/pkg/middlewares/redirect/redirect_regex.go:17 > Creating middleware entryPointName=traefik middlewareName=dashboard_redirect@internal middlewareType=RedirectRegex routerName=dashboard@internal
2024-11-05T18:04:13Z DBG github.com/traefik/traefik/v3/pkg/middlewares/redirect/redirect_regex.go:18 > Setting up redirection from ^(http:\/\/(\[[\w:.]+\]|[\w\._-]+)(:\d+)?)\/$ to ${1}/dashboard/ entryPointName=traefik middlewareName=dashboard_redirect@internal middlewareType=RedirectRegex routerName=dashboard@internal
2024-11-05T18:04:13Z DBG github.com/traefik/traefik/v3/pkg/middlewares/observability/middleware.go:33 > Adding tracing to middleware entryPointName=traefik middlewareName=dashboard_redirect@internal routerName=dashboard@internal
2024-11-05T18:04:13Z DBG github.com/traefik/traefik/v3/pkg/middlewares/recovery/recovery.go:25 > Creating middleware entryPointName=traefik middlewareName=traefik-internal-recovery middlewareType=Recovery
2024-11-05T18:04:14Z DBG github.com/traefik/traefik/v3/pkg/server/configurationwatcher.go:227 > Configuration received config={"http":{"routers":{"minio-router":{"entryPoints":["web"],"rule":"Host(`minio.reddtsai.home`)","service":"minio-console"},"traefik-router":{"entryPoints":["web"],"rule":"Host(`traefik.reddtsai.home`)","service":"traefik-dashboard"}},"services":{"minio-console":{"loadBalancer":{"passHostHeader":true,"responseForwarding":{"flushInterval":"100ms"},"servers":[{"url":"http://192.168.1.110:9001"}]}},"traefik-dashboard":{"loadBalancer":{"passHostHeader":true,"responseForwarding":{"flushInterval":"100ms"},"servers":[{"url":"http://192.168.1.110:8080"}]}}}},"tcp":{},"tls":{},"udp":{}} providerName=file
2024-11-05T18:04:14Z DBG github.com/traefik/traefik/v3/pkg/server/configurationwatcher.go:127 > Skipping unchanged configuration providerName=file
2024-11-05T18:04:32Z DBG github.com/traefik/traefik/v3/pkg/server/service/loadbalancer/wrr/wrr.go:196 > Service selected by WRR: c8fea116e8d37a63
2024-11-05T18:04:32Z DBG github.com/traefik/traefik/v3/pkg/server/service/loadbalancer/wrr/wrr.go:196 > Service selected by WRR: c8fea116e8d37a63
2024-11-05T18:04:32Z DBG github.com/traefik/traefik/v3/pkg/server/service/loadbalancer/wrr/wrr.go:196 > Service selected by WRR: c8fea116e8d37a63
2024-11-05T18:04:32Z DBG github.com/traefik/traefik/v3/pkg/server/service/loadbalancer/wrr/wrr.go:196 > Service selected by WRR: c8fea116e8d37a63
2024-11-05T18:04:32Z DBG github.com/traefik/traefik/v3/pkg/server/service/loadbalancer/wrr/wrr.go:196 > Service selected by WRR: c8fea116e8d37a63
2024-11-05T18:04:32Z DBG github.com/traefik/traefik/v3/pkg/server/service/loadbalancer/wrr/wrr.go:196 > Service selected by WRR: c8fea116e8d37a63
2024-11-05T18:04:32Z DBG github.com/traefik/traefik/v3/pkg/server/service/loadbalancer/wrr/wrr.go:196 > Service selected by WRR: c8fea116e8d37a63
2024-11-05T18:04:32Z DBG github.com/traefik/traefik/v3/pkg/server/service/loadbalancer/wrr/wrr.go:196 > Service selected by WRR: c8fea116e8d37a63
2024-11-05T18:04:32Z DBG github.com/traefik/traefik/v3/pkg/server/service/loadbalancer/wrr/wrr.go:196 > Service selected by WRR: c8fea116e8d37a63
2024-11-05T18:04:32Z DBG github.com/traefik/traefik/v3/pkg/server/service/loadbalancer/wrr/wrr.go:196 > Service selected by WRR: c8fea116e8d37a63
2024-11-05T18:04:32Z DBG github.com/traefik/traefik/v3/pkg/server/service/loadbalancer/wrr/wrr.go:196 > Service selected by WRR: c8fea116e8d37a63
2024-11-05T18:04:32Z DBG github.com/traefik/traefik/v3/pkg/server/service/loadbalancer/wrr/wrr.go:196 > Service selected by WRR: c8fea116e8d37a63
2024-11-05T18:04:32Z DBG github.com/traefik/traefik/v3/pkg/server/service/loadbalancer/wrr/wrr.go:196 > Service selected by WRR: c8fea116e8d37a63
2024-11-05T18:04:32Z DBG github.com/traefik/traefik/v3/pkg/server/service/loadbalancer/wrr/wrr.go:196 > Service selected by WRR: c8fea116e8d37a63
2024-11-05T18:04:32Z DBG github.com/traefik/traefik/v3/pkg/server/service/loadbalancer/wrr/wrr.go:196 > Service selected by WRR: c8fea116e8d37a63
2024-11-05T18:04:32Z DBG github.com/traefik/traefik/v3/pkg/server/service/loadbalancer/wrr/wrr.go:196 > Service selected by WRR: c8fea116e8d37a63
2024-11-05T18:04:32Z DBG github.com/traefik/traefik/v3/pkg/server/service/loadbalancer/wrr/wrr.go:196 > Service selected by WRR: c8fea116e8d37a63
2024-11-05T18:04:32Z DBG github.com/traefik/traefik/v3/pkg/server/service/loadbalancer/wrr/wrr.go:196 > Service selected by WRR: c8fea116e8d37a63
2024-11-05T18:04:32Z DBG github.com/traefik/traefik/v3/pkg/server/service/loadbalancer/wrr/wrr.go:196 > Service selected by WRR: c8fea116e8d37a63
2024-11-05T18:04:32Z DBG github.com/traefik/traefik/v3/pkg/server/service/loadbalancer/wrr/wrr.go:196 > Service selected by WRR: c8fea116e8d37a63
2024-11-05T18:04:33Z DBG github.com/traefik/traefik/v3/pkg/server/service/loadbalancer/wrr/wrr.go:196 > Service selected by WRR: c8fea116e8d37a63
2024-11-05T18:04:33Z DBG github.com/traefik/traefik/v3/pkg/server/service/loadbalancer/wrr/wrr.go:196 > Service selected by WRR: c8fea116e8d37a63
2024-11-05T18:04:33Z DBG github.com/traefik/traefik/v3/pkg/server/service/loadbalancer/wrr/wrr.go:196 > Service selected by WRR: c8fea116e8d37a63
2024-11-05T18:04:33Z DBG github.com/traefik/traefik/v3/pkg/server/service/loadbalancer/wrr/wrr.go:196 > Service selected by WRR: c8fea116e8d37a63
2024-11-05T18:04:33Z DBG github.com/traefik/traefik/v3/pkg/server/service/loadbalancer/wrr/wrr.go:196 > Service selected by WRR: c8fea116e8d37a63
2024-11-05T18:04:33Z DBG github.com/traefik/traefik/v3/pkg/server/service/loadbalancer/wrr/wrr.go:196 > Service selected by WRR: c8fea116e8d37a63
2024-11-05T18:04:33Z DBG github.com/traefik/traefik/v3/pkg/server/service/loadbalancer/wrr/wrr.go:196 > Service selected by WRR: c8fea116e8d37a63
2024-11-05T18:10:52Z DBG github.com/traefik/traefik/v3/pkg/collector/collector.go:52 > Anonymous stats sent to https://collect.traefik.io/yYaUej3P42cziRVzv6T5w2aYy9po2Mrn: {"global":{"checkNewVersion":true,"sendAnonymousUsage":true},"serversTransport":{"maxIdleConnsPerHost":200},"tcpServersTransport":{"dialKeepAlive":"15s","dialTimeout":"30s"},"entryPoints":{"traefik":{"address":"xxxx","transport":{"lifeCycle":{"graceTimeOut":"10s"},"respondingTimeouts":{"readTimeout":"1m0s","idleTimeout":"3m0s"}},"forwardedHeaders":{},"http":{"maxHeaderBytes":1048576},"http2":{"maxConcurrentStreams":250}},"web":{"address":"xxxx","transport":{"lifeCycle":{"graceTimeOut":"10s"},"respondingTimeouts":{"readTimeout":"1m0s","idleTimeout":"3m0s"}},"forwardedHeaders":{},"http":{"maxHeaderBytes":1048576},"http2":{"maxConcurrentStreams":250}},"websecure":{"address":"xxxx","transport":{"lifeCycle":{"graceTimeOut":"10s"},"respondingTimeouts":{"readTimeout":"1m0s","idleTimeout":"3m0s"}},"forwardedHeaders":{},"http":{"maxHeaderBytes":1048576},"http2":{"maxConcurrentStreams":250}}},"providers":{"providersThrottleDuration":"2s","file":{"directory":"/etc/traefik/dynamic","watch":true}},"api":{"insecure":true,"dashboard":true},"log":{"level":"DEBUG","format":"common","filePath":"xxxx"}}
